<?xml version="1.0" encoding="UTF-8"?>
<testsuite xmlns:xsi="http://www.w3.org/2001/XMLSchema-instance" xsi:noNamespaceSchemaLocation="https://maven.apache.org/surefire/maven-surefire-plugin/xsd/surefire-test-report.xsd" name="org.im_bird_sys.ImBirdSysApplicationTests" time="3.944" tests="1" errors="0" skipped="0" failures="0">
  <properties>
    <property name="gopherProxySet" value="false"/>
    <property name="awt.toolkit" value="sun.lwawt.macosx.LWCToolkit"/>
    <property name="socksProxyHost" value="127.0.0.1"/>
    <property name="http.proxyHost" value="127.0.0.1"/>
    <property name="java.specification.version" value="1.8"/>
    <property name="file.encoding.pkg" value="sun.io"/>
    <property name="sun.cpu.isalist" value=""/>
    <property name="sun.jnu.encoding" value="UTF-8"/>
    <property name="java.class.path" value="/Users/zizizi/Documents/java/projects/im_bird_sys/target/test-classes:/Users/zizizi/Documents/java/projects/im_bird_sys/target/classes:/Users/zizizi/Documents/dev/maven3/repository/org/springframework/boot/spring-boot-starter-thymeleaf/2.3.0.RELEASE/spring-boot-starter-thymeleaf-2.3.0.RELEASE.jar:/Users/zizizi/Documents/dev/maven3/repository/org/springframework/boot/spring-boot-starter/2.3.0.RELEASE/spring-boot-starter-2.3.0.RELEASE.jar:/Users/zizizi/Documents/dev/maven3/repository/org/springframework/boot/spring-boot-starter-logging/2.3.0.RELEASE/spring-boot-starter-logging-2.3.0.RELEASE.jar:/Users/zizizi/Documents/dev/maven3/repository/org/apache/logging/log4j/log4j-to-slf4j/2.13.2/log4j-to-slf4j-2.13.2.jar:/Users/zizizi/Documents/dev/maven3/repository/org/apache/logging/log4j/log4j-api/2.13.2/log4j-api-2.13.2.jar:/Users/zizizi/Documents/dev/maven3/repository/org/slf4j/jul-to-slf4j/1.7.30/jul-to-slf4j-1.7.30.jar:/Users/zizizi/Documents/dev/maven3/repository/org/yaml/snakeyaml/1.26/snakeyaml-1.26.jar:/Users/zizizi/Documents/dev/maven3/repository/org/thymeleaf/thymeleaf-spring5/3.0.11.RELEASE/thymeleaf-spring5-3.0.11.RELEASE.jar:/Users/zizizi/Documents/dev/maven3/repository/org/thymeleaf/thymeleaf/3.0.11.RELEASE/thymeleaf-3.0.11.RELEASE.jar:/Users/zizizi/Documents/dev/maven3/repository/org/attoparser/attoparser/2.0.5.RELEASE/attoparser-2.0.5.RELEASE.jar:/Users/zizizi/Documents/dev/maven3/repository/org/unbescape/unbescape/1.1.6.RELEASE/unbescape-1.1.6.RELEASE.jar:/Users/zizizi/Documents/dev/maven3/repository/org/thymeleaf/extras/thymeleaf-extras-java8time/3.0.4.RELEASE/thymeleaf-extras-java8time-3.0.4.RELEASE.jar:/Users/zizizi/Documents/dev/maven3/repository/org/springframework/boot/spring-boot-starter-web/2.3.0.RELEASE/spring-boot-starter-web-2.3.0.RELEASE.jar:/Users/zizizi/Documents/dev/maven3/repository/org/springframework/boot/spring-boot-starter-json/2.3.0.RELEASE/spring-boot-starter-json-2.3.0.RELEASE.jar:/Users/zizizi/Documents/dev/maven3/repository/com/fasterxml/jackson/core/jackson-databind/2.11.0/jackson-databind-2.11.0.jar:/Users/zizizi/Documents/dev/maven3/repository/com/fasterxml/jackson/core/jackson-annotations/2.11.0/jackson-annotations-2.11.0.jar:/Users/zizizi/Documents/dev/maven3/repository/com/fasterxml/jackson/core/jackson-core/2.11.0/jackson-core-2.11.0.jar:/Users/zizizi/Documents/dev/maven3/repository/com/fasterxml/jackson/datatype/jackson-datatype-jdk8/2.11.0/jackson-datatype-jdk8-2.11.0.jar:/Users/zizizi/Documents/dev/maven3/repository/com/fasterxml/jackson/datatype/jackson-datatype-jsr310/2.11.0/jackson-datatype-jsr310-2.11.0.jar:/Users/zizizi/Documents/dev/maven3/repository/com/fasterxml/jackson/module/jackson-module-parameter-names/2.11.0/jackson-module-parameter-names-2.11.0.jar:/Users/zizizi/Documents/dev/maven3/repository/org/springframework/spring-web/5.2.6.RELEASE/spring-web-5.2.6.RELEASE.jar:/Users/zizizi/Documents/dev/maven3/repository/org/springframework/spring-beans/5.2.6.RELEASE/spring-beans-5.2.6.RELEASE.jar:/Users/zizizi/Documents/dev/maven3/repository/org/springframework/spring-webmvc/5.2.6.RELEASE/spring-webmvc-5.2.6.RELEASE.jar:/Users/zizizi/Documents/dev/maven3/repository/org/springframework/spring-aop/5.2.6.RELEASE/spring-aop-5.2.6.RELEASE.jar:/Users/zizizi/Documents/dev/maven3/repository/org/springframework/spring-expression/5.2.6.RELEASE/spring-expression-5.2.6.RELEASE.jar:/Users/zizizi/Documents/dev/maven3/repository/org/mybatis/spring/boot/mybatis-spring-boot-starter/2.1.2/mybatis-spring-boot-starter-2.1.2.jar:/Users/zizizi/Documents/dev/maven3/repository/org/springframework/boot/spring-boot-starter-jdbc/2.3.0.RELEASE/spring-boot-starter-jdbc-2.3.0.RELEASE.jar:/Users/zizizi/Documents/dev/maven3/repository/com/zaxxer/HikariCP/3.4.5/HikariCP-3.4.5.jar:/Users/zizizi/Documents/dev/maven3/repository/org/springframework/spring-jdbc/5.2.6.RELEASE/spring-jdbc-5.2.6.RELEASE.jar:/Users/zizizi/Documents/dev/maven3/repository/org/springframework/spring-tx/5.2.6.RELEASE/spring-tx-5.2.6.RELEASE.jar:/Users/zizizi/Documents/dev/maven3/repository/org/mybatis/spring/boot/mybatis-spring-boot-autoconfigure/2.1.2/mybatis-spring-boot-autoconfigure-2.1.2.jar:/Users/zizizi/Documents/dev/maven3/repository/org/mybatis/mybatis/3.5.4/mybatis-3.5.4.jar:/Users/zizizi/Documents/dev/maven3/repository/org/mybatis/mybatis-spring/2.0.4/mybatis-spring-2.0.4.jar:/Users/zizizi/Documents/dev/maven3/repository/com/alibaba/druid/1.1.21/druid-1.1.21.jar:/Users/zizizi/Documents/dev/maven3/repository/mysql/mysql-connector-java/8.0.20/mysql-connector-java-8.0.20.jar:/Users/zizizi/Documents/dev/maven3/repository/com/github/tobato/fastdfs-client/1.27.2/fastdfs-client-1.27.2.jar:/Users/zizizi/Documents/dev/maven3/repository/org/slf4j/slf4j-api/1.7.30/slf4j-api-1.7.30.jar:/Users/zizizi/Documents/dev/maven3/repository/org/slf4j/jcl-over-slf4j/1.7.30/jcl-over-slf4j-1.7.30.jar:/Users/zizizi/Documents/dev/maven3/repository/ch/qos/logback/logback-classic/1.2.3/logback-classic-1.2.3.jar:/Users/zizizi/Documents/dev/maven3/repository/ch/qos/logback/logback-core/1.2.3/logback-core-1.2.3.jar:/Users/zizizi/Documents/dev/maven3/repository/commons-beanutils/commons-beanutils/1.9.3/commons-beanutils-1.9.3.jar:/Users/zizizi/Documents/dev/maven3/repository/commons-collections/commons-collections/3.2.2/commons-collections-3.2.2.jar:/Users/zizizi/Documents/dev/maven3/repository/org/apache/commons/commons-pool2/2.8.0/commons-pool2-2.8.0.jar:/Users/zizizi/Documents/dev/maven3/repository/org/springframework/spring-core/5.2.6.RELEASE/spring-core-5.2.6.RELEASE.jar:/Users/zizizi/Documents/dev/maven3/repository/org/springframework/spring-jcl/5.2.6.RELEASE/spring-jcl-5.2.6.RELEASE.jar:/Users/zizizi/Documents/dev/maven3/repository/org/hibernate/validator/hibernate-validator/6.1.5.Final/hibernate-validator-6.1.5.Final.jar:/Users/zizizi/Documents/dev/maven3/repository/jakarta/validation/jakarta.validation-api/2.0.2/jakarta.validation-api-2.0.2.jar:/Users/zizizi/Documents/dev/maven3/repository/org/jboss/logging/jboss-logging/3.4.1.Final/jboss-logging-3.4.1.Final.jar:/Users/zizizi/Documents/dev/maven3/repository/com/fasterxml/classmate/1.5.1/classmate-1.5.1.jar:/Users/zizizi/Documents/dev/maven3/repository/org/springframework/boot/spring-boot-autoconfigure/2.3.0.RELEASE/spring-boot-autoconfigure-2.3.0.RELEASE.jar:/Users/zizizi/Documents/dev/maven3/repository/org/springframework/spring-context/5.2.6.RELEASE/spring-context-5.2.6.RELEASE.jar:/Users/zizizi/Documents/dev/maven3/repository/net/coobird/thumbnailator/0.4.8/thumbnailator-0.4.8.jar:/Users/zizizi/Documents/dev/maven3/repository/commons-codec/commons-codec/1.11/commons-codec-1.11.jar:/Users/zizizi/Documents/dev/maven3/repository/org/apache/commons/commons-lang3/3.4/commons-lang3-3.4.jar:/Users/zizizi/Documents/dev/maven3/repository/commons-io/commons-io/1.3.2/commons-io-1.3.2.jar:/Users/zizizi/Documents/dev/maven3/repository/com/google/zxing/javase/3.3.3/javase-3.3.3.jar:/Users/zizizi/Documents/dev/maven3/repository/com/google/zxing/core/3.3.3/core-3.3.3.jar:/Users/zizizi/Documents/dev/maven3/repository/com/beust/jcommander/1.72/jcommander-1.72.jar:/Users/zizizi/Documents/dev/maven3/repository/com/github/jai-imageio/jai-imageio-core/1.4.0/jai-imageio-core-1.4.0.jar:/Users/zizizi/Documents/dev/maven3/repository/org/projectlombok/lombok/1.18.12/lombok-1.18.12.jar:/Users/zizizi/Documents/dev/maven3/repository/org/springframework/boot/spring-boot-starter-tomcat/2.3.0.RELEASE/spring-boot-starter-tomcat-2.3.0.RELEASE.jar:/Users/zizizi/Documents/dev/maven3/repository/jakarta/annotation/jakarta.annotation-api/1.3.5/jakarta.annotation-api-1.3.5.jar:/Users/zizizi/Documents/dev/maven3/repository/org/apache/tomcat/embed/tomcat-embed-core/9.0.35/tomcat-embed-core-9.0.35.jar:/Users/zizizi/Documents/dev/maven3/repository/org/glassfish/jakarta.el/3.0.3/jakarta.el-3.0.3.jar:/Users/zizizi/Documents/dev/maven3/repository/org/apache/tomcat/embed/tomcat-embed-websocket/9.0.35/tomcat-embed-websocket-9.0.35.jar:/Users/zizizi/Documents/dev/maven3/repository/org/springframework/boot/spring-boot-starter-test/2.3.0.RELEASE/spring-boot-starter-test-2.3.0.RELEASE.jar:/Users/zizizi/Documents/dev/maven3/repository/org/springframework/boot/spring-boot-test/2.3.0.RELEASE/spring-boot-test-2.3.0.RELEASE.jar:/Users/zizizi/Documents/dev/maven3/repository/org/springframework/boot/spring-boot-test-autoconfigure/2.3.0.RELEASE/spring-boot-test-autoconfigure-2.3.0.RELEASE.jar:/Users/zizizi/Documents/dev/maven3/repository/com/jayway/jsonpath/json-path/2.4.0/json-path-2.4.0.jar:/Users/zizizi/Documents/dev/maven3/repository/net/minidev/json-smart/2.3/json-smart-2.3.jar:/Users/zizizi/Documents/dev/maven3/repository/net/minidev/accessors-smart/1.2/accessors-smart-1.2.jar:/Users/zizizi/Documents/dev/maven3/repository/org/ow2/asm/asm/5.0.4/asm-5.0.4.jar:/Users/zizizi/Documents/dev/maven3/repository/jakarta/xml/bind/jakarta.xml.bind-api/2.3.3/jakarta.xml.bind-api-2.3.3.jar:/Users/zizizi/Documents/dev/maven3/repository/jakarta/activation/jakarta.activation-api/1.2.2/jakarta.activation-api-1.2.2.jar:/Users/zizizi/Documents/dev/maven3/repository/org/assertj/assertj-core/3.16.1/assertj-core-3.16.1.jar:/Users/zizizi/Documents/dev/maven3/repository/org/hamcrest/hamcrest/2.2/hamcrest-2.2.jar:/Users/zizizi/Documents/dev/maven3/repository/org/junit/jupiter/junit-jupiter/5.6.2/junit-jupiter-5.6.2.jar:/Users/zizizi/Documents/dev/maven3/repository/org/junit/jupiter/junit-jupiter-api/5.6.2/junit-jupiter-api-5.6.2.jar:/Users/zizizi/Documents/dev/maven3/repository/org/apiguardian/apiguardian-api/1.1.0/apiguardian-api-1.1.0.jar:/Users/zizizi/Documents/dev/maven3/repository/org/opentest4j/opentest4j/1.2.0/opentest4j-1.2.0.jar:/Users/zizizi/Documents/dev/maven3/repository/org/junit/platform/junit-platform-commons/1.6.2/junit-platform-commons-1.6.2.jar:/Users/zizizi/Documents/dev/maven3/repository/org/junit/jupiter/junit-jupiter-params/5.6.2/junit-jupiter-params-5.6.2.jar:/Users/zizizi/Documents/dev/maven3/repository/org/junit/jupiter/junit-jupiter-engine/5.6.2/junit-jupiter-engine-5.6.2.jar:/Users/zizizi/Documents/dev/maven3/repository/org/junit/platform/junit-platform-engine/1.6.2/junit-platform-engine-1.6.2.jar:/Users/zizizi/Documents/dev/maven3/repository/org/mockito/mockito-core/3.3.3/mockito-core-3.3.3.jar:/Users/zizizi/Documents/dev/maven3/repository/net/bytebuddy/byte-buddy/1.10.10/byte-buddy-1.10.10.jar:/Users/zizizi/Documents/dev/maven3/repository/net/bytebuddy/byte-buddy-agent/1.10.10/byte-buddy-agent-1.10.10.jar:/Users/zizizi/Documents/dev/maven3/repository/org/objenesis/objenesis/2.6/objenesis-2.6.jar:/Users/zizizi/Documents/dev/maven3/repository/org/mockito/mockito-junit-jupiter/3.3.3/mockito-junit-jupiter-3.3.3.jar:/Users/zizizi/Documents/dev/maven3/repository/org/skyscreamer/jsonassert/1.5.0/jsonassert-1.5.0.jar:/Users/zizizi/Documents/dev/maven3/repository/com/vaadin/external/google/android-json/0.0.20131108.vaadin1/android-json-0.0.20131108.vaadin1.jar:/Users/zizizi/Documents/dev/maven3/repository/org/xmlunit/xmlunit-core/2.7.0/xmlunit-core-2.7.0.jar:/Users/zizizi/Documents/dev/maven3/repository/org/mybatis/generator/mybatis-generator-maven-plugin/1.3.2/mybatis-generator-maven-plugin-1.3.2.jar:/Users/zizizi/Documents/dev/maven3/repository/org/apache/maven/maven-plugin-api/3.0.4/maven-plugin-api-3.0.4.jar:/Users/zizizi/Documents/dev/maven3/repository/org/apache/maven/maven-model/3.0.4/maven-model-3.0.4.jar:/Users/zizizi/Documents/dev/maven3/repository/org/apache/maven/maven-artifact/3.0.4/maven-artifact-3.0.4.jar:/Users/zizizi/Documents/dev/maven3/repository/org/sonatype/sisu/sisu-inject-plexus/2.3.0/sisu-inject-plexus-2.3.0.jar:/Users/zizizi/Documents/dev/maven3/repository/org/codehaus/plexus/plexus-component-annotations/1.5.5/plexus-component-annotations-1.5.5.jar:/Users/zizizi/Documents/dev/maven3/repository/org/codehaus/plexus/plexus-classworlds/2.4/plexus-classworlds-2.4.jar:/Users/zizizi/Documents/dev/maven3/repository/org/sonatype/sisu/sisu-inject-bean/2.3.0/sisu-inject-bean-2.3.0.jar:/Users/zizizi/Documents/dev/maven3/repository/org/sonatype/sisu/sisu-guice/3.1.0/sisu-guice-3.1.0-no_aop.jar:/Users/zizizi/Documents/dev/maven3/repository/org/sonatype/sisu/sisu-guava/0.9.9/sisu-guava-0.9.9.jar:/Users/zizizi/Documents/dev/maven3/repository/org/mybatis/generator/mybatis-generator-core/1.3.2/mybatis-generator-core-1.3.2.jar:/Users/zizizi/Documents/dev/maven3/repository/org/apache/maven/maven-project/3.0-alpha-2/maven-project-3.0-alpha-2.jar:/Users/zizizi/Documents/dev/maven3/repository/org/codehaus/plexus/plexus-utils/1.5.6/plexus-utils-1.5.6.jar:/Users/zizizi/Documents/dev/maven3/repository/org/codehaus/plexus/plexus-interpolation/1.1/plexus-interpolation-1.1.jar:/Users/zizizi/Documents/dev/maven3/repository/org/apache/maven/maven-compat/3.0-alpha-2/maven-compat-3.0-alpha-2.jar:/Users/zizizi/Documents/dev/maven3/repository/org/apache/maven/wagon/wagon-provider-api/1.0-beta-4/wagon-provider-api-1.0-beta-4.jar:/Users/zizizi/Documents/dev/maven3/repository/org/codehaus/plexus/plexus-container-default/1.0-beta-3.0.5/plexus-container-default-1.0-beta-3.0.5.jar:/Users/zizizi/Documents/dev/maven3/repository/org/apache/xbean/xbean-reflect/3.4/xbean-reflect-3.4.jar:/Users/zizizi/Documents/dev/maven3/repository/log4j/log4j/1.2.12/log4j-1.2.12.jar:/Users/zizizi/Documents/dev/maven3/repository/commons-logging/commons-logging-api/1.1/commons-logging-api-1.1.jar:/Users/zizizi/Documents/dev/maven3/repository/com/google/code/google-collections/google-collect/snapshot-20080530/google-collect-snapshot-20080530.jar:/Users/zizizi/Documents/dev/maven3/repository/junit/junit/4.13/junit-4.13.jar:/Users/zizizi/Documents/dev/maven3/repository/org/hamcrest/hamcrest-core/2.2/hamcrest-core-2.2.jar:/Users/zizizi/Documents/dev/maven3/repository/org/codehaus/woodstox/wstx-asl/3.2.6/wstx-asl-3.2.6.jar:/Users/zizizi/Documents/dev/maven3/repository/stax/stax-api/1.0.1/stax-api-1.0.1.jar:/Users/zizizi/Documents/dev/maven3/repository/org/sonatype/spice/model-builder/1.3/model-builder-1.3.jar:/Users/zizizi/Documents/dev/maven3/repository/org/apache/maven/maven-project-builder/3.0-alpha-2/maven-project-builder-3.0-alpha-2.jar:/Users/zizizi/Documents/dev/maven3/repository/org/springframework/boot/spring-boot-devtools/2.3.0.RELEASE/spring-boot-devtools-2.3.0.RELEASE.jar:/Users/zizizi/Documents/dev/maven3/repository/org/springframework/boot/spring-boot/2.3.0.RELEASE/spring-boot-2.3.0.RELEASE.jar:/Users/zizizi/Documents/dev/maven3/repository/org/springframework/spring-test/5.2.6.RELEASE/spring-test-5.2.6.RELEASE.jar:/Users/zizizi/Documents/dev/maven3/repository/io/netty/netty-all/4.1.50.Final/netty-all-4.1.50.Final.jar:"/>
    <property name="https.proxyPort" value="7890"/>
    <property name="java.vm.vendor" value="Oracle Corporation"/>
    <property name="sun.arch.data.model" value="64"/>
    <property name="java.vendor.url" value="http://java.oracle.com/"/>
    <property name="user.timezone" value=""/>
    <property name="java.vm.specification.version" value="1.8"/>
    <property name="os.name" value="Mac OS X"/>
    <property name="user.country" value="CN"/>
    <property name="sun.java.launcher" value="SUN_STANDARD"/>
    <property name="sun.boot.library.path" value="/Library/Java/JavaVirtualMachines/jdk1.8.0_251.jdk/Contents/Home/jre/lib"/>
    <property name="sun.java.command" value="/Users/zizizi/Documents/java/projects/im_bird_sys/target/surefire/surefirebooter7135426345053858404.jar /Users/zizizi/Documents/java/projects/im_bird_sys/target/surefire 2020-06-25T16-45-07_085-jvmRun1 surefire1555019190771189368tmp surefire_0300913342515554443tmp"/>
    <property name="http.nonProxyHosts" value="192.168.0.0/16|*.192.168.0.0/16|10.0.0.0/8|*.10.0.0.0/8|172.16.0.0/12|*.172.16.0.0/12|127.0.0.1|localhost|*.localhost|local|*.local|timestamp.apple.com|*.timestamp.apple.com"/>
    <property name="surefire.test.class.path" value="/Users/zizizi/Documents/java/projects/im_bird_sys/target/test-classes:/Users/zizizi/Documents/java/projects/im_bird_sys/target/classes:/Users/zizizi/Documents/dev/maven3/repository/org/springframework/boot/spring-boot-starter-thymeleaf/2.3.0.RELEASE/spring-boot-starter-thymeleaf-2.3.0.RELEASE.jar:/Users/zizizi/Documents/dev/maven3/repository/org/springframework/boot/spring-boot-starter/2.3.0.RELEASE/spring-boot-starter-2.3.0.RELEASE.jar:/Users/zizizi/Documents/dev/maven3/repository/org/springframework/boot/spring-boot-starter-logging/2.3.0.RELEASE/spring-boot-starter-logging-2.3.0.RELEASE.jar:/Users/zizizi/Documents/dev/maven3/repository/org/apache/logging/log4j/log4j-to-slf4j/2.13.2/log4j-to-slf4j-2.13.2.jar:/Users/zizizi/Documents/dev/maven3/repository/org/apache/logging/log4j/log4j-api/2.13.2/log4j-api-2.13.2.jar:/Users/zizizi/Documents/dev/maven3/repository/org/slf4j/jul-to-slf4j/1.7.30/jul-to-slf4j-1.7.30.jar:/Users/zizizi/Documents/dev/maven3/repository/org/yaml/snakeyaml/1.26/snakeyaml-1.26.jar:/Users/zizizi/Documents/dev/maven3/repository/org/thymeleaf/thymeleaf-spring5/3.0.11.RELEASE/thymeleaf-spring5-3.0.11.RELEASE.jar:/Users/zizizi/Documents/dev/maven3/repository/org/thymeleaf/thymeleaf/3.0.11.RELEASE/thymeleaf-3.0.11.RELEASE.jar:/Users/zizizi/Documents/dev/maven3/repository/org/attoparser/attoparser/2.0.5.RELEASE/attoparser-2.0.5.RELEASE.jar:/Users/zizizi/Documents/dev/maven3/repository/org/unbescape/unbescape/1.1.6.RELEASE/unbescape-1.1.6.RELEASE.jar:/Users/zizizi/Documents/dev/maven3/repository/org/thymeleaf/extras/thymeleaf-extras-java8time/3.0.4.RELEASE/thymeleaf-extras-java8time-3.0.4.RELEASE.jar:/Users/zizizi/Documents/dev/maven3/repository/org/springframework/boot/spring-boot-starter-web/2.3.0.RELEASE/spring-boot-starter-web-2.3.0.RELEASE.jar:/Users/zizizi/Documents/dev/maven3/repository/org/springframework/boot/spring-boot-starter-json/2.3.0.RELEASE/spring-boot-starter-json-2.3.0.RELEASE.jar:/Users/zizizi/Documents/dev/maven3/repository/com/fasterxml/jackson/core/jackson-databind/2.11.0/jackson-databind-2.11.0.jar:/Users/zizizi/Documents/dev/maven3/repository/com/fasterxml/jackson/core/jackson-annotations/2.11.0/jackson-annotations-2.11.0.jar:/Users/zizizi/Documents/dev/maven3/repository/com/fasterxml/jackson/core/jackson-core/2.11.0/jackson-core-2.11.0.jar:/Users/zizizi/Documents/dev/maven3/repository/com/fasterxml/jackson/datatype/jackson-datatype-jdk8/2.11.0/jackson-datatype-jdk8-2.11.0.jar:/Users/zizizi/Documents/dev/maven3/repository/com/fasterxml/jackson/datatype/jackson-datatype-jsr310/2.11.0/jackson-datatype-jsr310-2.11.0.jar:/Users/zizizi/Documents/dev/maven3/repository/com/fasterxml/jackson/module/jackson-module-parameter-names/2.11.0/jackson-module-parameter-names-2.11.0.jar:/Users/zizizi/Documents/dev/maven3/repository/org/springframework/spring-web/5.2.6.RELEASE/spring-web-5.2.6.RELEASE.jar:/Users/zizizi/Documents/dev/maven3/repository/org/springframework/spring-beans/5.2.6.RELEASE/spring-beans-5.2.6.RELEASE.jar:/Users/zizizi/Documents/dev/maven3/repository/org/springframework/spring-webmvc/5.2.6.RELEASE/spring-webmvc-5.2.6.RELEASE.jar:/Users/zizizi/Documents/dev/maven3/repository/org/springframework/spring-aop/5.2.6.RELEASE/spring-aop-5.2.6.RELEASE.jar:/Users/zizizi/Documents/dev/maven3/repository/org/springframework/spring-expression/5.2.6.RELEASE/spring-expression-5.2.6.RELEASE.jar:/Users/zizizi/Documents/dev/maven3/repository/org/mybatis/spring/boot/mybatis-spring-boot-starter/2.1.2/mybatis-spring-boot-starter-2.1.2.jar:/Users/zizizi/Documents/dev/maven3/repository/org/springframework/boot/spring-boot-starter-jdbc/2.3.0.RELEASE/spring-boot-starter-jdbc-2.3.0.RELEASE.jar:/Users/zizizi/Documents/dev/maven3/repository/com/zaxxer/HikariCP/3.4.5/HikariCP-3.4.5.jar:/Users/zizizi/Documents/dev/maven3/repository/org/springframework/spring-jdbc/5.2.6.RELEASE/spring-jdbc-5.2.6.RELEASE.jar:/Users/zizizi/Documents/dev/maven3/repository/org/springframework/spring-tx/5.2.6.RELEASE/spring-tx-5.2.6.RELEASE.jar:/Users/zizizi/Documents/dev/maven3/repository/org/mybatis/spring/boot/mybatis-spring-boot-autoconfigure/2.1.2/mybatis-spring-boot-autoconfigure-2.1.2.jar:/Users/zizizi/Documents/dev/maven3/repository/org/mybatis/mybatis/3.5.4/mybatis-3.5.4.jar:/Users/zizizi/Documents/dev/maven3/repository/org/mybatis/mybatis-spring/2.0.4/mybatis-spring-2.0.4.jar:/Users/zizizi/Documents/dev/maven3/repository/com/alibaba/druid/1.1.21/druid-1.1.21.jar:/Users/zizizi/Documents/dev/maven3/repository/mysql/mysql-connector-java/8.0.20/mysql-connector-java-8.0.20.jar:/Users/zizizi/Documents/dev/maven3/repository/com/github/tobato/fastdfs-client/1.27.2/fastdfs-client-1.27.2.jar:/Users/zizizi/Documents/dev/maven3/repository/org/slf4j/slf4j-api/1.7.30/slf4j-api-1.7.30.jar:/Users/zizizi/Documents/dev/maven3/repository/org/slf4j/jcl-over-slf4j/1.7.30/jcl-over-slf4j-1.7.30.jar:/Users/zizizi/Documents/dev/maven3/repository/ch/qos/logback/logback-classic/1.2.3/logback-classic-1.2.3.jar:/Users/zizizi/Documents/dev/maven3/repository/ch/qos/logback/logback-core/1.2.3/logback-core-1.2.3.jar:/Users/zizizi/Documents/dev/maven3/repository/commons-beanutils/commons-beanutils/1.9.3/commons-beanutils-1.9.3.jar:/Users/zizizi/Documents/dev/maven3/repository/commons-collections/commons-collections/3.2.2/commons-collections-3.2.2.jar:/Users/zizizi/Documents/dev/maven3/repository/org/apache/commons/commons-pool2/2.8.0/commons-pool2-2.8.0.jar:/Users/zizizi/Documents/dev/maven3/repository/org/springframework/spring-core/5.2.6.RELEASE/spring-core-5.2.6.RELEASE.jar:/Users/zizizi/Documents/dev/maven3/repository/org/springframework/spring-jcl/5.2.6.RELEASE/spring-jcl-5.2.6.RELEASE.jar:/Users/zizizi/Documents/dev/maven3/repository/org/hibernate/validator/hibernate-validator/6.1.5.Final/hibernate-validator-6.1.5.Final.jar:/Users/zizizi/Documents/dev/maven3/repository/jakarta/validation/jakarta.validation-api/2.0.2/jakarta.validation-api-2.0.2.jar:/Users/zizizi/Documents/dev/maven3/repository/org/jboss/logging/jboss-logging/3.4.1.Final/jboss-logging-3.4.1.Final.jar:/Users/zizizi/Documents/dev/maven3/repository/com/fasterxml/classmate/1.5.1/classmate-1.5.1.jar:/Users/zizizi/Documents/dev/maven3/repository/org/springframework/boot/spring-boot-autoconfigure/2.3.0.RELEASE/spring-boot-autoconfigure-2.3.0.RELEASE.jar:/Users/zizizi/Documents/dev/maven3/repository/org/springframework/spring-context/5.2.6.RELEASE/spring-context-5.2.6.RELEASE.jar:/Users/zizizi/Documents/dev/maven3/repository/net/coobird/thumbnailator/0.4.8/thumbnailator-0.4.8.jar:/Users/zizizi/Documents/dev/maven3/repository/commons-codec/commons-codec/1.11/commons-codec-1.11.jar:/Users/zizizi/Documents/dev/maven3/repository/org/apache/commons/commons-lang3/3.4/commons-lang3-3.4.jar:/Users/zizizi/Documents/dev/maven3/repository/commons-io/commons-io/1.3.2/commons-io-1.3.2.jar:/Users/zizizi/Documents/dev/maven3/repository/com/google/zxing/javase/3.3.3/javase-3.3.3.jar:/Users/zizizi/Documents/dev/maven3/repository/com/google/zxing/core/3.3.3/core-3.3.3.jar:/Users/zizizi/Documents/dev/maven3/repository/com/beust/jcommander/1.72/jcommander-1.72.jar:/Users/zizizi/Documents/dev/maven3/repository/com/github/jai-imageio/jai-imageio-core/1.4.0/jai-imageio-core-1.4.0.jar:/Users/zizizi/Documents/dev/maven3/repository/org/projectlombok/lombok/1.18.12/lombok-1.18.12.jar:/Users/zizizi/Documents/dev/maven3/repository/org/springframework/boot/spring-boot-starter-tomcat/2.3.0.RELEASE/spring-boot-starter-tomcat-2.3.0.RELEASE.jar:/Users/zizizi/Documents/dev/maven3/repository/jakarta/annotation/jakarta.annotation-api/1.3.5/jakarta.annotation-api-1.3.5.jar:/Users/zizizi/Documents/dev/maven3/repository/org/apache/tomcat/embed/tomcat-embed-core/9.0.35/tomcat-embed-core-9.0.35.jar:/Users/zizizi/Documents/dev/maven3/repository/org/glassfish/jakarta.el/3.0.3/jakarta.el-3.0.3.jar:/Users/zizizi/Documents/dev/maven3/repository/org/apache/tomcat/embed/tomcat-embed-websocket/9.0.35/tomcat-embed-websocket-9.0.35.jar:/Users/zizizi/Documents/dev/maven3/repository/org/springframework/boot/spring-boot-starter-test/2.3.0.RELEASE/spring-boot-starter-test-2.3.0.RELEASE.jar:/Users/zizizi/Documents/dev/maven3/repository/org/springframework/boot/spring-boot-test/2.3.0.RELEASE/spring-boot-test-2.3.0.RELEASE.jar:/Users/zizizi/Documents/dev/maven3/repository/org/springframework/boot/spring-boot-test-autoconfigure/2.3.0.RELEASE/spring-boot-test-autoconfigure-2.3.0.RELEASE.jar:/Users/zizizi/Documents/dev/maven3/repository/com/jayway/jsonpath/json-path/2.4.0/json-path-2.4.0.jar:/Users/zizizi/Documents/dev/maven3/repository/net/minidev/json-smart/2.3/json-smart-2.3.jar:/Users/zizizi/Documents/dev/maven3/repository/net/minidev/accessors-smart/1.2/accessors-smart-1.2.jar:/Users/zizizi/Documents/dev/maven3/repository/org/ow2/asm/asm/5.0.4/asm-5.0.4.jar:/Users/zizizi/Documents/dev/maven3/repository/jakarta/xml/bind/jakarta.xml.bind-api/2.3.3/jakarta.xml.bind-api-2.3.3.jar:/Users/zizizi/Documents/dev/maven3/repository/jakarta/activation/jakarta.activation-api/1.2.2/jakarta.activation-api-1.2.2.jar:/Users/zizizi/Documents/dev/maven3/repository/org/assertj/assertj-core/3.16.1/assertj-core-3.16.1.jar:/Users/zizizi/Documents/dev/maven3/repository/org/hamcrest/hamcrest/2.2/hamcrest-2.2.jar:/Users/zizizi/Documents/dev/maven3/repository/org/junit/jupiter/junit-jupiter/5.6.2/junit-jupiter-5.6.2.jar:/Users/zizizi/Documents/dev/maven3/repository/org/junit/jupiter/junit-jupiter-api/5.6.2/junit-jupiter-api-5.6.2.jar:/Users/zizizi/Documents/dev/maven3/repository/org/apiguardian/apiguardian-api/1.1.0/apiguardian-api-1.1.0.jar:/Users/zizizi/Documents/dev/maven3/repository/org/opentest4j/opentest4j/1.2.0/opentest4j-1.2.0.jar:/Users/zizizi/Documents/dev/maven3/repository/org/junit/platform/junit-platform-commons/1.6.2/junit-platform-commons-1.6.2.jar:/Users/zizizi/Documents/dev/maven3/repository/org/junit/jupiter/junit-jupiter-params/5.6.2/junit-jupiter-params-5.6.2.jar:/Users/zizizi/Documents/dev/maven3/repository/org/junit/jupiter/junit-jupiter-engine/5.6.2/junit-jupiter-engine-5.6.2.jar:/Users/zizizi/Documents/dev/maven3/repository/org/junit/platform/junit-platform-engine/1.6.2/junit-platform-engine-1.6.2.jar:/Users/zizizi/Documents/dev/maven3/repository/org/mockito/mockito-core/3.3.3/mockito-core-3.3.3.jar:/Users/zizizi/Documents/dev/maven3/repository/net/bytebuddy/byte-buddy/1.10.10/byte-buddy-1.10.10.jar:/Users/zizizi/Documents/dev/maven3/repository/net/bytebuddy/byte-buddy-agent/1.10.10/byte-buddy-agent-1.10.10.jar:/Users/zizizi/Documents/dev/maven3/repository/org/objenesis/objenesis/2.6/objenesis-2.6.jar:/Users/zizizi/Documents/dev/maven3/repository/org/mockito/mockito-junit-jupiter/3.3.3/mockito-junit-jupiter-3.3.3.jar:/Users/zizizi/Documents/dev/maven3/repository/org/skyscreamer/jsonassert/1.5.0/jsonassert-1.5.0.jar:/Users/zizizi/Documents/dev/maven3/repository/com/vaadin/external/google/android-json/0.0.20131108.vaadin1/android-json-0.0.20131108.vaadin1.jar:/Users/zizizi/Documents/dev/maven3/repository/org/xmlunit/xmlunit-core/2.7.0/xmlunit-core-2.7.0.jar:/Users/zizizi/Documents/dev/maven3/repository/org/mybatis/generator/mybatis-generator-maven-plugin/1.3.2/mybatis-generator-maven-plugin-1.3.2.jar:/Users/zizizi/Documents/dev/maven3/repository/org/apache/maven/maven-plugin-api/3.0.4/maven-plugin-api-3.0.4.jar:/Users/zizizi/Documents/dev/maven3/repository/org/apache/maven/maven-model/3.0.4/maven-model-3.0.4.jar:/Users/zizizi/Documents/dev/maven3/repository/org/apache/maven/maven-artifact/3.0.4/maven-artifact-3.0.4.jar:/Users/zizizi/Documents/dev/maven3/repository/org/sonatype/sisu/sisu-inject-plexus/2.3.0/sisu-inject-plexus-2.3.0.jar:/Users/zizizi/Documents/dev/maven3/repository/org/codehaus/plexus/plexus-component-annotations/1.5.5/plexus-component-annotations-1.5.5.jar:/Users/zizizi/Documents/dev/maven3/repository/org/codehaus/plexus/plexus-classworlds/2.4/plexus-classworlds-2.4.jar:/Users/zizizi/Documents/dev/maven3/repository/org/sonatype/sisu/sisu-inject-bean/2.3.0/sisu-inject-bean-2.3.0.jar:/Users/zizizi/Documents/dev/maven3/repository/org/sonatype/sisu/sisu-guice/3.1.0/sisu-guice-3.1.0-no_aop.jar:/Users/zizizi/Documents/dev/maven3/repository/org/sonatype/sisu/sisu-guava/0.9.9/sisu-guava-0.9.9.jar:/Users/zizizi/Documents/dev/maven3/repository/org/mybatis/generator/mybatis-generator-core/1.3.2/mybatis-generator-core-1.3.2.jar:/Users/zizizi/Documents/dev/maven3/repository/org/apache/maven/maven-project/3.0-alpha-2/maven-project-3.0-alpha-2.jar:/Users/zizizi/Documents/dev/maven3/repository/org/codehaus/plexus/plexus-utils/1.5.6/plexus-utils-1.5.6.jar:/Users/zizizi/Documents/dev/maven3/repository/org/codehaus/plexus/plexus-interpolation/1.1/plexus-interpolation-1.1.jar:/Users/zizizi/Documents/dev/maven3/repository/org/apache/maven/maven-compat/3.0-alpha-2/maven-compat-3.0-alpha-2.jar:/Users/zizizi/Documents/dev/maven3/repository/org/apache/maven/wagon/wagon-provider-api/1.0-beta-4/wagon-provider-api-1.0-beta-4.jar:/Users/zizizi/Documents/dev/maven3/repository/org/codehaus/plexus/plexus-container-default/1.0-beta-3.0.5/plexus-container-default-1.0-beta-3.0.5.jar:/Users/zizizi/Documents/dev/maven3/repository/org/apache/xbean/xbean-reflect/3.4/xbean-reflect-3.4.jar:/Users/zizizi/Documents/dev/maven3/repository/log4j/log4j/1.2.12/log4j-1.2.12.jar:/Users/zizizi/Documents/dev/maven3/repository/commons-logging/commons-logging-api/1.1/commons-logging-api-1.1.jar:/Users/zizizi/Documents/dev/maven3/repository/com/google/code/google-collections/google-collect/snapshot-20080530/google-collect-snapshot-20080530.jar:/Users/zizizi/Documents/dev/maven3/repository/junit/junit/4.13/junit-4.13.jar:/Users/zizizi/Documents/dev/maven3/repository/org/hamcrest/hamcrest-core/2.2/hamcrest-core-2.2.jar:/Users/zizizi/Documents/dev/maven3/repository/org/codehaus/woodstox/wstx-asl/3.2.6/wstx-asl-3.2.6.jar:/Users/zizizi/Documents/dev/maven3/repository/stax/stax-api/1.0.1/stax-api-1.0.1.jar:/Users/zizizi/Documents/dev/maven3/repository/org/sonatype/spice/model-builder/1.3/model-builder-1.3.jar:/Users/zizizi/Documents/dev/maven3/repository/org/apache/maven/maven-project-builder/3.0-alpha-2/maven-project-builder-3.0-alpha-2.jar:/Users/zizizi/Documents/dev/maven3/repository/org/springframework/boot/spring-boot-devtools/2.3.0.RELEASE/spring-boot-devtools-2.3.0.RELEASE.jar:/Users/zizizi/Documents/dev/maven3/repository/org/springframework/boot/spring-boot/2.3.0.RELEASE/spring-boot-2.3.0.RELEASE.jar:/Users/zizizi/Documents/dev/maven3/repository/org/springframework/spring-test/5.2.6.RELEASE/spring-test-5.2.6.RELEASE.jar:/Users/zizizi/Documents/dev/maven3/repository/io/netty/netty-all/4.1.50.Final/netty-all-4.1.50.Final.jar:"/>
    <property name="sun.cpu.endian" value="little"/>
    <property name="user.home" value="/Users/zizizi"/>
    <property name="user.language" value="zh"/>
    <property name="java.specification.vendor" value="Oracle Corporation"/>
    <property name="java.home" value="/Library/Java/JavaVirtualMachines/jdk1.8.0_251.jdk/Contents/Home/jre"/>
    <property name="basedir" value="/Users/zizizi/Documents/java/projects/im_bird_sys"/>
    <property name="https.proxyHost" value="127.0.0.1"/>
    <property name="file.separator" value="/"/>
    <property name="line.separator" value="&#10;"/>
    <property name="java.vm.specification.vendor" value="Oracle Corporation"/>
    <property name="java.specification.name" value="Java Platform API Specification"/>
    <property name="java.awt.graphicsenv" value="sun.awt.CGraphicsEnvironment"/>
    <property name="idea.version2020.1.1" value="true"/>
    <property name="surefire.real.class.path" value="/Users/zizizi/Documents/java/projects/im_bird_sys/target/surefire/surefirebooter7135426345053858404.jar"/>
    <property name="sun.boot.class.path" value="/Library/Java/JavaVirtualMachines/jdk1.8.0_251.jdk/Contents/Home/jre/lib/resources.jar:/Library/Java/JavaVirtualMachines/jdk1.8.0_251.jdk/Contents/Home/jre/lib/rt.jar:/Library/Java/JavaVirtualMachines/jdk1.8.0_251.jdk/Contents/Home/jre/lib/sunrsasign.jar:/Library/Java/JavaVirtualMachines/jdk1.8.0_251.jdk/Contents/Home/jre/lib/jsse.jar:/Library/Java/JavaVirtualMachines/jdk1.8.0_251.jdk/Contents/Home/jre/lib/jce.jar:/Library/Java/JavaVirtualMachines/jdk1.8.0_251.jdk/Contents/Home/jre/lib/charsets.jar:/Library/Java/JavaVirtualMachines/jdk1.8.0_251.jdk/Contents/Home/jre/lib/jfr.jar:/Library/Java/JavaVirtualMachines/jdk1.8.0_251.jdk/Contents/Home/jre/classes"/>
    <property name="sun.management.compiler" value="HotSpot 64-Bit Tiered Compilers"/>
    <property name="ftp.nonProxyHosts" value="192.168.0.0/16|*.192.168.0.0/16|10.0.0.0/8|*.10.0.0.0/8|172.16.0.0/12|*.172.16.0.0/12|127.0.0.1|localhost|*.localhost|local|*.local|timestamp.apple.com|*.timestamp.apple.com"/>
    <property name="java.runtime.version" value="1.8.0_251-b08"/>
    <property name="user.name" value="zizizi"/>
    <property name="path.separator" value=":"/>
    <property name="os.version" value="10.15.3"/>
    <property name="java.endorsed.dirs" value="/Library/Java/JavaVirtualMachines/jdk1.8.0_251.jdk/Contents/Home/jre/lib/endorsed"/>
    <property name="java.runtime.name" value="Java(TM) SE Runtime Environment"/>
    <property name="file.encoding" value="UTF-8"/>
    <property name="java.vm.name" value="Java HotSpot(TM) 64-Bit Server VM"/>
    <property name="localRepository" value="/Users/zizizi/Documents/dev/maven3/repository"/>
    <property name="java.vendor.url.bug" value="http://bugreport.sun.com/bugreport/"/>
    <property name="java.io.tmpdir" value="/var/folders/gd/yvfqqbkx63q8qmvbqflhlm480000gn/T/"/>
    <property name="java.version" value="1.8.0_251"/>
    <property name="user.dir" value="/Users/zizizi/Documents/java/projects/im_bird_sys"/>
    <property name="os.arch" value="x86_64"/>
    <property name="socksProxyPort" value="7891"/>
    <property name="java.vm.specification.name" value="Java Virtual Machine Specification"/>
    <property name="java.awt.printerjob" value="sun.lwawt.macosx.CPrinterJob"/>
    <property name="sun.os.patch.level" value="unknown"/>
    <property name="java.library.path" value="/Users/zizizi/Library/Java/Extensions:/Library/Java/Extensions:/Network/Library/Java/Extensions:/System/Library/Java/Extensions:/usr/lib/java:."/>
    <property name="java.vm.info" value="mixed mode"/>
    <property name="java.vendor" value="Oracle Corporation"/>
    <property name="java.vm.version" value="25.251-b08"/>
    <property name="java.ext.dirs" value="/Users/zizizi/Library/Java/Extensions:/Library/Java/JavaVirtualMachines/jdk1.8.0_251.jdk/Contents/Home/jre/lib/ext:/Library/Java/Extensions:/Network/Library/Java/Extensions:/System/Library/Java/Extensions:/usr/lib/java"/>
    <property name="sun.io.unicode.encoding" value="UnicodeBig"/>
    <property name="maven.repo.local" value="/Users/zizizi/Documents/dev/maven3/repository"/>
    <property name="java.class.version" value="52.0"/>
    <property name="socksNonProxyHosts" value="192.168.0.0/16|*.192.168.0.0/16|10.0.0.0/8|*.10.0.0.0/8|172.16.0.0/12|*.172.16.0.0/12|127.0.0.1|localhost|*.localhost|local|*.local|timestamp.apple.com|*.timestamp.apple.com"/>
    <property name="http.proxyPort" value="7890"/>
  </properties>
  <testcase name="contextLoads" classname="org.im_bird_sys.ImBirdSysApplicationTests" time="0.253"/>
</testsuite>